<?xml version="1.0" encoding="UTF-8"?>
<!-- Generated by org.testng.reporters.JUnitReportReporter -->
<testsuite hostname="rc" failures="0" tests="1" name="runners.TestRunner" time="19.974" errors="0" timestamp="2025-08-10T00:43:05 IST" skipped="0">
  <testcase classname="runners.TestRunner" name="runScenario" time="19.974"/>
</testsuite> <!-- runners.TestRunner -->
